<?xml version="1.0" encoding="UTF-8"?>
<testsuites name="jest tests" tests="2" failures="2" errors="0" time="1.007">
    <testsuite name="undefined" errors="0" failures="2" skipped="0" timestamp="2024-02-22T19:10:35"
        time="0.955" tests="6.4">
        <testcase classname=" test uncovered if" name=" test uncovered if" time="5.4">
        </testcase>
        <testcase classname=" fully covered" name=" fully covered" time="7.2">
        </testcase>
    </testsuite>
</testsuites>
